2022-05-06 15:11:25.312  INFO 10600 --- [restartedMain] tacos.TacocloudApplication               : Starting TacocloudApplication using Java 15.0.1 on DESKTOP-NNAKQS4 with PID 10600 (F:\TodoList-workspace\tacocloud\target\classes started by vanhu in F:\TodoList-workspace\tacocloud)
2022-05-06 15:11:25.313  INFO 10600 --- [restartedMain] tacos.TacocloudApplication               : No active profile set, falling back to 1 default profile: "default"
2022-05-06 15:11:25.400  INFO 10600 --- [restartedMain] .s.d.r.c.RepositoryConfigurationDelegate : Bootstrapping Spring Data JPA repositories in DEFAULT mode.
2022-05-06 15:11:25.407  INFO 10600 --- [restartedMain] .s.d.r.c.RepositoryConfigurationDelegate : Finished Spring Data repository scanning in 6 ms. Found 4 JPA repository interfaces.
2022-05-06 15:11:25.466  INFO 10600 --- [restartedMain] o.s.b.w.embedded.tomcat.TomcatWebServer  : Tomcat initialized with port(s): 8080 (http)
2022-05-06 15:11:25.466  INFO 10600 --- [restartedMain] o.apache.catalina.core.StandardService   : Starting service [Tomcat]
2022-05-06 15:11:25.466  INFO 10600 --- [restartedMain] org.apache.catalina.core.StandardEngine  : Starting Servlet engine: [Apache Tomcat/9.0.62]
2022-05-06 15:11:25.479  INFO 10600 --- [restartedMain] o.a.c.c.C.[Tomcat].[localhost].[/]       : Initializing Spring embedded WebApplicationContext
2022-05-06 15:11:25.479  INFO 10600 --- [restartedMain] w.s.c.ServletWebServerApplicationContext : Root WebApplicationContext: initialization completed in 165 ms
2022-05-06 15:11:25.494  INFO 10600 --- [restartedMain] com.zaxxer.hikari.HikariDataSource       : HikariPool-11 - Starting...
2022-05-06 15:11:25.513  INFO 10600 --- [restartedMain] com.zaxxer.hikari.HikariDataSource       : HikariPool-11 - Start completed.
2022-05-06 15:11:25.519  INFO 10600 --- [restartedMain] o.hibernate.jpa.internal.util.LogHelper  : HHH000204: Processing PersistenceUnitInfo [name: default]
2022-05-06 15:11:25.521  INFO 10600 --- [restartedMain] org.hibernate.dialect.Dialect            : HHH000400: Using dialect: org.hibernate.dialect.MySQL8Dialect
2022-05-06 15:11:25.570  INFO 10600 --- [restartedMain] o.h.e.t.j.p.i.JtaPlatformInitiator       : HHH000490: Using JtaPlatform implementation: [org.hibernate.engine.transaction.jta.platform.internal.NoJtaPlatform]
2022-05-06 15:11:25.571  INFO 10600 --- [restartedMain] j.LocalContainerEntityManagerFactoryBean : Initialized JPA EntityManagerFactory for persistence unit 'default'
2022-05-06 15:11:25.606  WARN 10600 --- [restartedMain] JpaBaseConfiguration$JpaWebConfiguration : spring.jpa.open-in-view is enabled by default. Therefore, database queries may be performed during view rendering. Explicitly configure spring.jpa.open-in-view to disable this warning
2022-05-06 15:11:25.626  INFO 10600 --- [restartedMain] o.s.s.web.DefaultSecurityFilterChain     : Will secure any request with [org.springframework.security.web.context.request.async.WebAsyncManagerIntegrationFilter@50184df9, org.springframework.security.web.context.SecurityContextPersistenceFilter@2e8e6c08, org.springframework.security.web.header.HeaderWriterFilter@3cc49769, org.springframework.security.web.csrf.CsrfFilter@2979b2cc, org.springframework.security.web.authentication.logout.LogoutFilter@36c6c7c5, org.springframework.security.web.authentication.UsernamePasswordAuthenticationFilter@50e040cf, org.springframework.security.web.savedrequest.RequestCacheAwareFilter@1335140b, org.springframework.security.web.servletapi.SecurityContextHolderAwareRequestFilter@b52a6db, org.springframework.security.web.authentication.AnonymousAuthenticationFilter@1dff3568, org.springframework.security.web.session.SessionManagementFilter@4a854846, org.springframework.security.web.access.ExceptionTranslationFilter@649b33a9, org.springframework.security.web.access.intercept.AuthorizationFilter@13120352]
2022-05-06 15:11:25.688  INFO 10600 --- [restartedMain] o.s.b.d.a.OptionalLiveReloadServer       : LiveReload server is running on port 35729
2022-05-06 15:11:25.696  INFO 10600 --- [restartedMain] o.s.b.w.embedded.tomcat.TomcatWebServer  : Tomcat started on port(s): 8080 (http) with context path ''
2022-05-06 15:11:25.700  INFO 10600 --- [restartedMain] tacos.TacocloudApplication               : Started TacocloudApplication in 0.403 seconds (JVM running for 332.364)
2022-05-06 15:11:25.701  INFO 10600 --- [restartedMain] .ConditionEvaluationDeltaLoggingListener : Condition evaluation unchanged
2022-05-06 15:11:40.196  INFO 10600 --- [Thread-43] j.LocalContainerEntityManagerFactoryBean : Closing JPA EntityManagerFactory for persistence unit 'default'
2022-05-06 15:11:40.197  INFO 10600 --- [Thread-43] com.zaxxer.hikari.HikariDataSource       : HikariPool-11 - Shutdown initiated...
2022-05-06 15:11:40.198  INFO 10600 --- [Thread-43] com.zaxxer.hikari.HikariDataSource       : HikariPool-11 - Shutdown completed.
2022-05-06 15:11:40.251  INFO 10600 --- [restartedMain] tacos.TacocloudApplication               : Starting TacocloudApplication using Java 15.0.1 on DESKTOP-NNAKQS4 with PID 10600 (F:\TodoList-workspace\tacocloud\target\classes started by vanhu in F:\TodoList-workspace\tacocloud)
2022-05-06 15:11:40.251  INFO 10600 --- [restartedMain] tacos.TacocloudApplication               : No active profile set, falling back to 1 default profile: "default"
2022-05-06 15:11:40.341  INFO 10600 --- [restartedMain] .s.d.r.c.RepositoryConfigurationDelegate : Bootstrapping Spring Data JPA repositories in DEFAULT mode.
2022-05-06 15:11:40.347  INFO 10600 --- [restartedMain] .s.d.r.c.RepositoryConfigurationDelegate : Finished Spring Data repository scanning in 6 ms. Found 4 JPA repository interfaces.
2022-05-06 15:11:40.407  INFO 10600 --- [restartedMain] o.s.b.w.embedded.tomcat.TomcatWebServer  : Tomcat initialized with port(s): 8080 (http)
2022-05-06 15:11:40.408  INFO 10600 --- [restartedMain] o.apache.catalina.core.StandardService   : Starting service [Tomcat]
2022-05-06 15:11:40.408  INFO 10600 --- [restartedMain] org.apache.catalina.core.StandardEngine  : Starting Servlet engine: [Apache Tomcat/9.0.62]
2022-05-06 15:11:40.420  INFO 10600 --- [restartedMain] o.a.c.c.C.[Tomcat].[localhost].[/]       : Initializing Spring embedded WebApplicationContext
2022-05-06 15:11:40.420  INFO 10600 --- [restartedMain] w.s.c.ServletWebServerApplicationContext : Root WebApplicationContext: initialization completed in 168 ms
2022-05-06 15:11:40.436  INFO 10600 --- [restartedMain] com.zaxxer.hikari.HikariDataSource       : HikariPool-12 - Starting...
2022-05-06 15:11:40.454  INFO 10600 --- [restartedMain] com.zaxxer.hikari.HikariDataSource       : HikariPool-12 - Start completed.
2022-05-06 15:11:40.460  INFO 10600 --- [restartedMain] o.hibernate.jpa.internal.util.LogHelper  : HHH000204: Processing PersistenceUnitInfo [name: default]
2022-05-06 15:11:40.462  INFO 10600 --- [restartedMain] org.hibernate.dialect.Dialect            : HHH000400: Using dialect: org.hibernate.dialect.MySQL8Dialect
2022-05-06 15:11:40.512  INFO 10600 --- [restartedMain] o.h.e.t.j.p.i.JtaPlatformInitiator       : HHH000490: Using JtaPlatform implementation: [org.hibernate.engine.transaction.jta.platform.internal.NoJtaPlatform]
2022-05-06 15:11:40.513  INFO 10600 --- [restartedMain] j.LocalContainerEntityManagerFactoryBean : Initialized JPA EntityManagerFactory for persistence unit 'default'
2022-05-06 15:11:40.547  WARN 10600 --- [restartedMain] JpaBaseConfiguration$JpaWebConfiguration : spring.jpa.open-in-view is enabled by default. Therefore, database queries may be performed during view rendering. Explicitly configure spring.jpa.open-in-view to disable this warning
2022-05-06 15:11:40.568  INFO 10600 --- [restartedMain] o.s.s.web.DefaultSecurityFilterChain     : Will secure any request with [org.springframework.security.web.context.request.async.WebAsyncManagerIntegrationFilter@607980f7, org.springframework.security.web.context.SecurityContextPersistenceFilter@38e81cec, org.springframework.security.web.header.HeaderWriterFilter@24c29870, org.springframework.security.web.csrf.CsrfFilter@5854f1f9, org.springframework.security.web.authentication.logout.LogoutFilter@1b0348fd, org.springframework.security.web.authentication.UsernamePasswordAuthenticationFilter@61bc789d, org.springframework.security.web.savedrequest.RequestCacheAwareFilter@739f9ce6, org.springframework.security.web.servletapi.SecurityContextHolderAwareRequestFilter@432e9bfd, org.springframework.security.web.authentication.AnonymousAuthenticationFilter@5043b118, org.springframework.security.web.session.SessionManagementFilter@47cce6d5, org.springframework.security.web.access.ExceptionTranslationFilter@61655b2c, org.springframework.security.web.access.intercept.AuthorizationFilter@23b21fd7]
2022-05-06 15:11:40.629  INFO 10600 --- [restartedMain] o.s.b.d.a.OptionalLiveReloadServer       : LiveReload server is running on port 35729
2022-05-06 15:11:40.637  INFO 10600 --- [restartedMain] o.s.b.w.embedded.tomcat.TomcatWebServer  : Tomcat started on port(s): 8080 (http) with context path ''
2022-05-06 15:11:40.641  INFO 10600 --- [restartedMain] tacos.TacocloudApplication               : Started TacocloudApplication in 0.404 seconds (JVM running for 347.306)
2022-05-06 15:11:40.642  INFO 10600 --- [restartedMain] .ConditionEvaluationDeltaLoggingListener : Condition evaluation unchanged
2022-05-06 15:12:14.259  INFO 10600 --- [Thread-47] j.LocalContainerEntityManagerFactoryBean : Closing JPA EntityManagerFactory for persistence unit 'default'
2022-05-06 15:12:14.260  INFO 10600 --- [Thread-47] com.zaxxer.hikari.HikariDataSource       : HikariPool-12 - Shutdown initiated...
2022-05-06 15:12:14.262  INFO 10600 --- [Thread-47] com.zaxxer.hikari.HikariDataSource       : HikariPool-12 - Shutdown completed.
2022-05-06 15:12:52.258  INFO 10600 --- [restartedMain] tacos.TacocloudApplication               : Starting TacocloudApplication using Java 15.0.1 on DESKTOP-NNAKQS4 with PID 10600 (F:\TodoList-workspace\tacocloud\target\classes started by vanhu in F:\TodoList-workspace\tacocloud)
2022-05-06 15:12:52.259  INFO 10600 --- [restartedMain] tacos.TacocloudApplication               : No active profile set, falling back to 1 default profile: "default"
2022-05-06 15:12:52.347  INFO 10600 --- [restartedMain] .s.d.r.c.RepositoryConfigurationDelegate : Bootstrapping Spring Data JPA repositories in DEFAULT mode.
2022-05-06 15:12:52.354  INFO 10600 --- [restartedMain] .s.d.r.c.RepositoryConfigurationDelegate : Finished Spring Data repository scanning in 6 ms. Found 4 JPA repository interfaces.
2022-05-06 15:12:52.415  INFO 10600 --- [restartedMain] o.s.b.w.embedded.tomcat.TomcatWebServer  : Tomcat initialized with port(s): 8080 (http)
2022-05-06 15:12:52.415  INFO 10600 --- [restartedMain] o.apache.catalina.core.StandardService   : Starting service [Tomcat]
2022-05-06 15:12:52.415  INFO 10600 --- [restartedMain] org.apache.catalina.core.StandardEngine  : Starting Servlet engine: [Apache Tomcat/9.0.62]
2022-05-06 15:12:52.428  INFO 10600 --- [restartedMain] o.a.c.c.C.[Tomcat].[localhost].[/]       : Initializing Spring embedded WebApplicationContext
2022-05-06 15:12:52.429  INFO 10600 --- [restartedMain] w.s.c.ServletWebServerApplicationContext : Root WebApplicationContext: initialization completed in 169 ms
2022-05-06 15:12:52.446  INFO 10600 --- [restartedMain] com.zaxxer.hikari.HikariDataSource       : HikariPool-15 - Starting...
2022-05-06 15:12:52.463  INFO 10600 --- [restartedMain] com.zaxxer.hikari.HikariDataSource       : HikariPool-15 - Start completed.
2022-05-06 15:12:52.469  INFO 10600 --- [restartedMain] o.hibernate.jpa.internal.util.LogHelper  : HHH000204: Processing PersistenceUnitInfo [name: default]
2022-05-06 15:12:52.471  INFO 10600 --- [restartedMain] org.hibernate.dialect.Dialect            : HHH000400: Using dialect: org.hibernate.dialect.MySQL8Dialect
2022-05-06 15:12:52.521  INFO 10600 --- [restartedMain] o.h.e.t.j.p.i.JtaPlatformInitiator       : HHH000490: Using JtaPlatform implementation: [org.hibernate.engine.transaction.jta.platform.internal.NoJtaPlatform]
2022-05-06 15:12:52.521  INFO 10600 --- [restartedMain] j.LocalContainerEntityManagerFactoryBean : Initialized JPA EntityManagerFactory for persistence unit 'default'
2022-05-06 15:12:52.556  WARN 10600 --- [restartedMain] JpaBaseConfiguration$JpaWebConfiguration : spring.jpa.open-in-view is enabled by default. Therefore, database queries may be performed during view rendering. Explicitly configure spring.jpa.open-in-view to disable this warning
2022-05-06 15:12:52.576  INFO 10600 --- [restartedMain] o.s.s.web.DefaultSecurityFilterChain     : Will secure any request with [org.springframework.security.web.context.request.async.WebAsyncManagerIntegrationFilter@22726483, org.springframework.security.web.context.SecurityContextPersistenceFilter@294c3e5b, org.springframework.security.web.header.HeaderWriterFilter@22bb860f, org.springframework.security.web.csrf.CsrfFilter@1f1ba84d, org.springframework.security.web.authentication.logout.LogoutFilter@d9cc911, org.springframework.security.web.authentication.UsernamePasswordAuthenticationFilter@49cdf8ea, org.springframework.security.web.savedrequest.RequestCacheAwareFilter@6d4bab58, org.springframework.security.web.servletapi.SecurityContextHolderAwareRequestFilter@13bec300, org.springframework.security.web.authentication.AnonymousAuthenticationFilter@728b6376, org.springframework.security.web.session.SessionManagementFilter@6bd7aaac, org.springframework.security.web.access.ExceptionTranslationFilter@201c8be9, org.springframework.security.web.access.intercept.AuthorizationFilter@58fec0f5]
2022-05-06 15:12:52.639  INFO 10600 --- [restartedMain] o.s.b.d.a.OptionalLiveReloadServer       : LiveReload server is running on port 35729
2022-05-06 15:12:52.646  INFO 10600 --- [restartedMain] o.s.b.w.embedded.tomcat.TomcatWebServer  : Tomcat started on port(s): 8080 (http) with context path ''
2022-05-06 15:12:52.650  INFO 10600 --- [restartedMain] tacos.TacocloudApplication               : Started TacocloudApplication in 0.407 seconds (JVM running for 419.315)
2022-05-06 15:12:52.652  INFO 10600 --- [restartedMain] .ConditionEvaluationDeltaLoggingListener : Condition evaluation unchanged
2022-05-06 15:13:26.261  INFO 10600 --- [Thread-59] j.LocalContainerEntityManagerFactoryBean : Closing JPA EntityManagerFactory for persistence unit 'default'
2022-05-06 15:13:26.261  INFO 10600 --- [Thread-59] com.zaxxer.hikari.HikariDataSource       : HikariPool-15 - Shutdown initiated...
2022-05-06 15:13:26.262  INFO 10600 --- [Thread-59] com.zaxxer.hikari.HikariDataSource       : HikariPool-15 - Shutdown completed.
