2022-05-06 15:05:54.280  INFO 10600 --- [restartedMain] tacos.TacocloudApplication               : Starting TacocloudApplication using Java 15.0.1 on DESKTOP-NNAKQS4 with PID 10600 (F:\TodoList-workspace\tacocloud\target\classes started by vanhu in F:\TodoList-workspace\tacocloud)
2022-05-06 15:05:54.281  INFO 10600 --- [restartedMain] tacos.TacocloudApplication               : No active profile set, falling back to 1 default profile: "default"
2022-05-06 15:05:54.310  INFO 10600 --- [restartedMain] .e.DevToolsPropertyDefaultsPostProcessor : Devtools property defaults active! Set 'spring.devtools.add-properties' to 'false' to disable
2022-05-06 15:05:54.311  INFO 10600 --- [restartedMain] .e.DevToolsPropertyDefaultsPostProcessor : For additional web related logging consider setting the 'logging.level.web' property to 'DEBUG'
2022-05-06 15:05:54.722  INFO 10600 --- [restartedMain] .s.d.r.c.RepositoryConfigurationDelegate : Bootstrapping Spring Data JPA repositories in DEFAULT mode.
2022-05-06 15:05:54.753  INFO 10600 --- [restartedMain] .s.d.r.c.RepositoryConfigurationDelegate : Finished Spring Data repository scanning in 25 ms. Found 4 JPA repository interfaces.
2022-05-06 15:05:55.139  INFO 10600 --- [restartedMain] o.s.b.w.embedded.tomcat.TomcatWebServer  : Tomcat initialized with port(s): 8080 (http)
2022-05-06 15:05:55.145  INFO 10600 --- [restartedMain] o.apache.catalina.core.StandardService   : Starting service [Tomcat]
2022-05-06 15:05:55.146  INFO 10600 --- [restartedMain] org.apache.catalina.core.StandardEngine  : Starting Servlet engine: [Apache Tomcat/9.0.62]
2022-05-06 15:05:55.199  INFO 10600 --- [restartedMain] o.a.c.c.C.[Tomcat].[localhost].[/]       : Initializing Spring embedded WebApplicationContext
2022-05-06 15:05:55.199  INFO 10600 --- [restartedMain] w.s.c.ServletWebServerApplicationContext : Root WebApplicationContext: initialization completed in 887 ms
2022-05-06 15:05:55.260  INFO 10600 --- [restartedMain] com.zaxxer.hikari.HikariDataSource       : HikariPool-1 - Starting...
2022-05-06 15:05:55.475  INFO 10600 --- [restartedMain] com.zaxxer.hikari.HikariDataSource       : HikariPool-1 - Start completed.
2022-05-06 15:05:55.517  INFO 10600 --- [restartedMain] o.hibernate.jpa.internal.util.LogHelper  : HHH000204: Processing PersistenceUnitInfo [name: default]
2022-05-06 15:05:55.546  INFO 10600 --- [restartedMain] org.hibernate.Version                    : HHH000412: Hibernate ORM core version 5.6.8.Final
2022-05-06 15:05:55.652  INFO 10600 --- [restartedMain] o.hibernate.annotations.common.Version   : HCANN000001: Hibernate Commons Annotations {5.1.2.Final}
2022-05-06 15:05:55.732  INFO 10600 --- [restartedMain] org.hibernate.dialect.Dialect            : HHH000400: Using dialect: org.hibernate.dialect.MySQL8Dialect
2022-05-06 15:05:56.232  INFO 10600 --- [restartedMain] o.h.e.t.j.p.i.JtaPlatformInitiator       : HHH000490: Using JtaPlatform implementation: [org.hibernate.engine.transaction.jta.platform.internal.NoJtaPlatform]
2022-05-06 15:05:56.237  INFO 10600 --- [restartedMain] j.LocalContainerEntityManagerFactoryBean : Initialized JPA EntityManagerFactory for persistence unit 'default'
2022-05-06 15:05:56.446  WARN 10600 --- [restartedMain] JpaBaseConfiguration$JpaWebConfiguration : spring.jpa.open-in-view is enabled by default. Therefore, database queries may be performed during view rendering. Explicitly configure spring.jpa.open-in-view to disable this warning
2022-05-06 15:05:56.556  INFO 10600 --- [restartedMain] o.s.s.web.DefaultSecurityFilterChain     : Will secure any request with [org.springframework.security.web.context.request.async.WebAsyncManagerIntegrationFilter@509d7c6b, org.springframework.security.web.context.SecurityContextPersistenceFilter@2fb949bb, org.springframework.security.web.header.HeaderWriterFilter@2562556, org.springframework.security.web.csrf.CsrfFilter@65c305d9, org.springframework.security.web.authentication.logout.LogoutFilter@35b23532, org.springframework.security.web.authentication.UsernamePasswordAuthenticationFilter@832ded7, org.springframework.security.web.savedrequest.RequestCacheAwareFilter@5231b18e, org.springframework.security.web.servletapi.SecurityContextHolderAwareRequestFilter@492effd3, org.springframework.security.web.authentication.AnonymousAuthenticationFilter@20202cdf, org.springframework.security.web.session.SessionManagementFilter@79f22a, org.springframework.security.web.access.ExceptionTranslationFilter@407d778e, org.springframework.security.web.access.intercept.AuthorizationFilter@5278151b]
2022-05-06 15:05:56.782  INFO 10600 --- [restartedMain] o.s.b.d.a.OptionalLiveReloadServer       : LiveReload server is running on port 35729
2022-05-06 15:05:56.808  INFO 10600 --- [restartedMain] o.s.b.w.embedded.tomcat.TomcatWebServer  : Tomcat started on port(s): 8080 (http) with context path ''
2022-05-06 15:05:56.815  INFO 10600 --- [restartedMain] tacos.TacocloudApplication               : Started TacocloudApplication in 2.871 seconds (JVM running for 3.48)
2022-05-06 15:06:37.439  INFO 10600 --- [Thread-5] j.LocalContainerEntityManagerFactoryBean : Closing JPA EntityManagerFactory for persistence unit 'default'
2022-05-06 15:06:37.441  INFO 10600 --- [Thread-5] com.zaxxer.hikari.HikariDataSource       : HikariPool-1 - Shutdown initiated...
2022-05-06 15:06:37.446  INFO 10600 --- [Thread-5] com.zaxxer.hikari.HikariDataSource       : HikariPool-1 - Shutdown completed.
2022-05-06 15:06:37.500  INFO 10600 --- [restartedMain] tacos.TacocloudApplication               : Starting TacocloudApplication using Java 15.0.1 on DESKTOP-NNAKQS4 with PID 10600 (F:\TodoList-workspace\tacocloud\target\classes started by vanhu in F:\TodoList-workspace\tacocloud)
2022-05-06 15:06:37.501  INFO 10600 --- [restartedMain] tacos.TacocloudApplication               : No active profile set, falling back to 1 default profile: "default"
2022-05-06 15:06:37.607  INFO 10600 --- [restartedMain] .s.d.r.c.RepositoryConfigurationDelegate : Bootstrapping Spring Data JPA repositories in DEFAULT mode.
2022-05-06 15:06:37.615  INFO 10600 --- [restartedMain] .s.d.r.c.RepositoryConfigurationDelegate : Finished Spring Data repository scanning in 7 ms. Found 4 JPA repository interfaces.
2022-05-06 15:06:37.681  INFO 10600 --- [restartedMain] o.s.b.w.embedded.tomcat.TomcatWebServer  : Tomcat initialized with port(s): 8080 (http)
2022-05-06 15:06:37.682  INFO 10600 --- [restartedMain] o.apache.catalina.core.StandardService   : Starting service [Tomcat]
2022-05-06 15:06:37.682  INFO 10600 --- [restartedMain] org.apache.catalina.core.StandardEngine  : Starting Servlet engine: [Apache Tomcat/9.0.62]
2022-05-06 15:06:37.696  INFO 10600 --- [restartedMain] o.a.c.c.C.[Tomcat].[localhost].[/]       : Initializing Spring embedded WebApplicationContext
2022-05-06 15:06:37.696  INFO 10600 --- [restartedMain] w.s.c.ServletWebServerApplicationContext : Root WebApplicationContext: initialization completed in 194 ms
2022-05-06 15:06:37.714  INFO 10600 --- [restartedMain] com.zaxxer.hikari.HikariDataSource       : HikariPool-2 - Starting...
2022-05-06 15:06:37.732  INFO 10600 --- [restartedMain] com.zaxxer.hikari.HikariDataSource       : HikariPool-2 - Start completed.
2022-05-06 15:06:37.739  INFO 10600 --- [restartedMain] o.hibernate.jpa.internal.util.LogHelper  : HHH000204: Processing PersistenceUnitInfo [name: default]
2022-05-06 15:06:37.742  INFO 10600 --- [restartedMain] org.hibernate.dialect.Dialect            : HHH000400: Using dialect: org.hibernate.dialect.MySQL8Dialect
2022-05-06 15:06:37.818  INFO 10600 --- [restartedMain] o.h.e.t.j.p.i.JtaPlatformInitiator       : HHH000490: Using JtaPlatform implementation: [org.hibernate.engine.transaction.jta.platform.internal.NoJtaPlatform]
2022-05-06 15:06:37.819  INFO 10600 --- [restartedMain] j.LocalContainerEntityManagerFactoryBean : Initialized JPA EntityManagerFactory for persistence unit 'default'
2022-05-06 15:06:37.860  WARN 10600 --- [restartedMain] JpaBaseConfiguration$JpaWebConfiguration : spring.jpa.open-in-view is enabled by default. Therefore, database queries may be performed during view rendering. Explicitly configure spring.jpa.open-in-view to disable this warning
2022-05-06 15:06:37.887  INFO 10600 --- [restartedMain] o.s.s.web.DefaultSecurityFilterChain     : Will secure any request with [org.springframework.security.web.context.request.async.WebAsyncManagerIntegrationFilter@49068fd1, org.springframework.security.web.context.SecurityContextPersistenceFilter@185f92e3, org.springframework.security.web.header.HeaderWriterFilter@550aa012, org.springframework.security.web.csrf.CsrfFilter@4394d4fa, org.springframework.security.web.authentication.logout.LogoutFilter@1e851d60, org.springframework.security.web.authentication.UsernamePasswordAuthenticationFilter@7fdef357, org.springframework.security.web.savedrequest.RequestCacheAwareFilter@4a4ffc89, org.springframework.security.web.servletapi.SecurityContextHolderAwareRequestFilter@4a45cfe2, org.springframework.security.web.authentication.AnonymousAuthenticationFilter@3ae27805, org.springframework.security.web.session.SessionManagementFilter@7d09babc, org.springframework.security.web.access.ExceptionTranslationFilter@30bc4fde, org.springframework.security.web.access.intercept.AuthorizationFilter@4f45e1d3]
2022-05-06 15:06:37.958  INFO 10600 --- [restartedMain] o.s.b.d.a.OptionalLiveReloadServer       : LiveReload server is running on port 35729
2022-05-06 15:06:37.967  INFO 10600 --- [restartedMain] o.s.b.w.embedded.tomcat.TomcatWebServer  : Tomcat started on port(s): 8080 (http) with context path ''
2022-05-06 15:06:37.971  INFO 10600 --- [restartedMain] tacos.TacocloudApplication               : Started TacocloudApplication in 0.49 seconds (JVM running for 44.635)
2022-05-06 15:06:37.973  INFO 10600 --- [restartedMain] .ConditionEvaluationDeltaLoggingListener : Condition evaluation unchanged
2022-05-06 15:06:59.476  INFO 10600 --- [Thread-7] j.LocalContainerEntityManagerFactoryBean : Closing JPA EntityManagerFactory for persistence unit 'default'
2022-05-06 15:06:59.477  INFO 10600 --- [Thread-7] com.zaxxer.hikari.HikariDataSource       : HikariPool-2 - Shutdown initiated...
2022-05-06 15:06:59.479  INFO 10600 --- [Thread-7] com.zaxxer.hikari.HikariDataSource       : HikariPool-2 - Shutdown completed.
2022-05-06 15:06:59.532  INFO 10600 --- [restartedMain] tacos.TacocloudApplication               : Starting TacocloudApplication using Java 15.0.1 on DESKTOP-NNAKQS4 with PID 10600 (F:\TodoList-workspace\tacocloud\target\classes started by vanhu in F:\TodoList-workspace\tacocloud)
2022-05-06 15:06:59.532  INFO 10600 --- [restartedMain] tacos.TacocloudApplication               : No active profile set, falling back to 1 default profile: "default"
2022-05-06 15:06:59.631  INFO 10600 --- [restartedMain] .s.d.r.c.RepositoryConfigurationDelegate : Bootstrapping Spring Data JPA repositories in DEFAULT mode.
2022-05-06 15:06:59.639  INFO 10600 --- [restartedMain] .s.d.r.c.RepositoryConfigurationDelegate : Finished Spring Data repository scanning in 7 ms. Found 4 JPA repository interfaces.
2022-05-06 15:06:59.700  INFO 10600 --- [restartedMain] o.s.b.w.embedded.tomcat.TomcatWebServer  : Tomcat initialized with port(s): 8080 (http)
2022-05-06 15:06:59.701  INFO 10600 --- [restartedMain] o.apache.catalina.core.StandardService   : Starting service [Tomcat]
2022-05-06 15:06:59.701  INFO 10600 --- [restartedMain] org.apache.catalina.core.StandardEngine  : Starting Servlet engine: [Apache Tomcat/9.0.62]
2022-05-06 15:06:59.713  INFO 10600 --- [restartedMain] o.a.c.c.C.[Tomcat].[localhost].[/]       : Initializing Spring embedded WebApplicationContext
2022-05-06 15:06:59.713  INFO 10600 --- [restartedMain] w.s.c.ServletWebServerApplicationContext : Root WebApplicationContext: initialization completed in 179 ms
2022-05-06 15:06:59.729  INFO 10600 --- [restartedMain] com.zaxxer.hikari.HikariDataSource       : HikariPool-3 - Starting...
2022-05-06 15:06:59.748  INFO 10600 --- [restartedMain] com.zaxxer.hikari.HikariDataSource       : HikariPool-3 - Start completed.
2022-05-06 15:06:59.757  INFO 10600 --- [restartedMain] o.hibernate.jpa.internal.util.LogHelper  : HHH000204: Processing PersistenceUnitInfo [name: default]
2022-05-06 15:06:59.760  INFO 10600 --- [restartedMain] org.hibernate.dialect.Dialect            : HHH000400: Using dialect: org.hibernate.dialect.MySQL8Dialect
2022-05-06 15:06:59.824  INFO 10600 --- [restartedMain] o.h.e.t.j.p.i.JtaPlatformInitiator       : HHH000490: Using JtaPlatform implementation: [org.hibernate.engine.transaction.jta.platform.internal.NoJtaPlatform]
2022-05-06 15:06:59.824  INFO 10600 --- [restartedMain] j.LocalContainerEntityManagerFactoryBean : Initialized JPA EntityManagerFactory for persistence unit 'default'
2022-05-06 15:06:59.863  WARN 10600 --- [restartedMain] JpaBaseConfiguration$JpaWebConfiguration : spring.jpa.open-in-view is enabled by default. Therefore, database queries may be performed during view rendering. Explicitly configure spring.jpa.open-in-view to disable this warning
2022-05-06 15:06:59.887  INFO 10600 --- [restartedMain] o.s.s.web.DefaultSecurityFilterChain     : Will secure any request with [org.springframework.security.web.context.request.async.WebAsyncManagerIntegrationFilter@67c34f1a, org.springframework.security.web.context.SecurityContextPersistenceFilter@8f30a2e, org.springframework.security.web.header.HeaderWriterFilter@72ad5006, org.springframework.security.web.csrf.CsrfFilter@3411325b, org.springframework.security.web.authentication.logout.LogoutFilter@531f2545, org.springframework.security.web.authentication.UsernamePasswordAuthenticationFilter@4d5c6ef9, org.springframework.security.web.savedrequest.RequestCacheAwareFilter@5a20ae7, org.springframework.security.web.servletapi.SecurityContextHolderAwareRequestFilter@1d174735, org.springframework.security.web.authentication.AnonymousAuthenticationFilter@5ec28b61, org.springframework.security.web.session.SessionManagementFilter@354d6536, org.springframework.security.web.access.ExceptionTranslationFilter@d300d8a, org.springframework.security.web.access.intercept.AuthorizationFilter@61f621f6]
2022-05-06 15:06:59.955  INFO 10600 --- [restartedMain] o.s.b.d.a.OptionalLiveReloadServer       : LiveReload server is running on port 35729
2022-05-06 15:06:59.964  INFO 10600 --- [restartedMain] o.s.b.w.embedded.tomcat.TomcatWebServer  : Tomcat started on port(s): 8080 (http) with context path ''
2022-05-06 15:06:59.969  INFO 10600 --- [restartedMain] tacos.TacocloudApplication               : Started TacocloudApplication in 0.454 seconds (JVM running for 66.634)
2022-05-06 15:06:59.971  INFO 10600 --- [restartedMain] .ConditionEvaluationDeltaLoggingListener : Condition evaluation unchanged
2022-05-06 15:07:43.662  INFO 10600 --- [Thread-11] j.LocalContainerEntityManagerFactoryBean : Closing JPA EntityManagerFactory for persistence unit 'default'
2022-05-06 15:07:43.663  INFO 10600 --- [Thread-11] com.zaxxer.hikari.HikariDataSource       : HikariPool-3 - Shutdown initiated...
2022-05-06 15:07:43.665  INFO 10600 --- [Thread-11] com.zaxxer.hikari.HikariDataSource       : HikariPool-3 - Shutdown completed.
2022-05-06 15:07:43.716  INFO 10600 --- [restartedMain] tacos.TacocloudApplication               : Starting TacocloudApplication using Java 15.0.1 on DESKTOP-NNAKQS4 with PID 10600 (F:\TodoList-workspace\tacocloud\target\classes started by vanhu in F:\TodoList-workspace\tacocloud)
2022-05-06 15:07:43.716  INFO 10600 --- [restartedMain] tacos.TacocloudApplication               : No active profile set, falling back to 1 default profile: "default"
2022-05-06 15:07:43.811  INFO 10600 --- [restartedMain] .s.d.r.c.RepositoryConfigurationDelegate : Bootstrapping Spring Data JPA repositories in DEFAULT mode.
2022-05-06 15:07:43.818  INFO 10600 --- [restartedMain] .s.d.r.c.RepositoryConfigurationDelegate : Finished Spring Data repository scanning in 6 ms. Found 4 JPA repository interfaces.
2022-05-06 15:07:43.880  INFO 10600 --- [restartedMain] o.s.b.w.embedded.tomcat.TomcatWebServer  : Tomcat initialized with port(s): 8080 (http)
2022-05-06 15:07:43.880  INFO 10600 --- [restartedMain] o.apache.catalina.core.StandardService   : Starting service [Tomcat]
2022-05-06 15:07:43.880  INFO 10600 --- [restartedMain] org.apache.catalina.core.StandardEngine  : Starting Servlet engine: [Apache Tomcat/9.0.62]
2022-05-06 15:07:43.893  INFO 10600 --- [restartedMain] o.a.c.c.C.[Tomcat].[localhost].[/]       : Initializing Spring embedded WebApplicationContext
2022-05-06 15:07:43.893  INFO 10600 --- [restartedMain] w.s.c.ServletWebServerApplicationContext : Root WebApplicationContext: initialization completed in 175 ms
2022-05-06 15:07:43.908  INFO 10600 --- [restartedMain] com.zaxxer.hikari.HikariDataSource       : HikariPool-4 - Starting...
2022-05-06 15:07:43.925  INFO 10600 --- [restartedMain] com.zaxxer.hikari.HikariDataSource       : HikariPool-4 - Start completed.
2022-05-06 15:07:43.934  INFO 10600 --- [restartedMain] o.hibernate.jpa.internal.util.LogHelper  : HHH000204: Processing PersistenceUnitInfo [name: default]
2022-05-06 15:07:43.936  INFO 10600 --- [restartedMain] org.hibernate.dialect.Dialect            : HHH000400: Using dialect: org.hibernate.dialect.MySQL8Dialect
2022-05-06 15:07:43.999  INFO 10600 --- [restartedMain] o.h.e.t.j.p.i.JtaPlatformInitiator       : HHH000490: Using JtaPlatform implementation: [org.hibernate.engine.transaction.jta.platform.internal.NoJtaPlatform]
2022-05-06 15:07:44.000  INFO 10600 --- [restartedMain] j.LocalContainerEntityManagerFactoryBean : Initialized JPA EntityManagerFactory for persistence unit 'default'
2022-05-06 15:07:44.041  WARN 10600 --- [restartedMain] JpaBaseConfiguration$JpaWebConfiguration : spring.jpa.open-in-view is enabled by default. Therefore, database queries may be performed during view rendering. Explicitly configure spring.jpa.open-in-view to disable this warning
2022-05-06 15:07:44.065  INFO 10600 --- [restartedMain] o.s.s.web.DefaultSecurityFilterChain     : Will secure any request with [org.springframework.security.web.context.request.async.WebAsyncManagerIntegrationFilter@30fc9040, org.springframework.security.web.context.SecurityContextPersistenceFilter@7e52d9d7, org.springframework.security.web.header.HeaderWriterFilter@4c557306, org.springframework.security.web.csrf.CsrfFilter@102b8f9a, org.springframework.security.web.authentication.logout.LogoutFilter@4c5a8413, org.springframework.security.web.authentication.UsernamePasswordAuthenticationFilter@281ee34c, org.springframework.security.web.savedrequest.RequestCacheAwareFilter@3f8b1354, org.springframework.security.web.servletapi.SecurityContextHolderAwareRequestFilter@58a18ae0, org.springframework.security.web.authentication.AnonymousAuthenticationFilter@7ae196f7, org.springframework.security.web.session.SessionManagementFilter@32c9d74b, org.springframework.security.web.access.ExceptionTranslationFilter@42f06d04, org.springframework.security.web.access.intercept.AuthorizationFilter@7f0e4660]
2022-05-06 15:07:44.132  INFO 10600 --- [restartedMain] o.s.b.d.a.OptionalLiveReloadServer       : LiveReload server is running on port 35729
2022-05-06 15:07:44.139  INFO 10600 --- [restartedMain] o.s.b.w.embedded.tomcat.TomcatWebServer  : Tomcat started on port(s): 8080 (http) with context path ''
2022-05-06 15:07:44.143  INFO 10600 --- [restartedMain] tacos.TacocloudApplication               : Started TacocloudApplication in 0.444 seconds (JVM running for 110.808)
2022-05-06 15:07:44.144  INFO 10600 --- [restartedMain] .ConditionEvaluationDeltaLoggingListener : Condition evaluation unchanged
2022-05-06 15:08:11.749  INFO 10600 --- [Thread-15] j.LocalContainerEntityManagerFactoryBean : Closing JPA EntityManagerFactory for persistence unit 'default'
2022-05-06 15:08:11.750  INFO 10600 --- [Thread-15] com.zaxxer.hikari.HikariDataSource       : HikariPool-4 - Shutdown initiated...
2022-05-06 15:08:11.753  INFO 10600 --- [Thread-15] com.zaxxer.hikari.HikariDataSource       : HikariPool-4 - Shutdown completed.
2022-05-06 15:08:11.808  INFO 10600 --- [restartedMain] tacos.TacocloudApplication               : Starting TacocloudApplication using Java 15.0.1 on DESKTOP-NNAKQS4 with PID 10600 (F:\TodoList-workspace\tacocloud\target\classes started by vanhu in F:\TodoList-workspace\tacocloud)
2022-05-06 15:08:11.808  INFO 10600 --- [restartedMain] tacos.TacocloudApplication               : No active profile set, falling back to 1 default profile: "default"
2022-05-06 15:08:11.907  INFO 10600 --- [restartedMain] .s.d.r.c.RepositoryConfigurationDelegate : Bootstrapping Spring Data JPA repositories in DEFAULT mode.
2022-05-06 15:08:11.915  INFO 10600 --- [restartedMain] .s.d.r.c.RepositoryConfigurationDelegate : Finished Spring Data repository scanning in 6 ms. Found 4 JPA repository interfaces.
2022-05-06 15:08:11.977  INFO 10600 --- [restartedMain] o.s.b.w.embedded.tomcat.TomcatWebServer  : Tomcat initialized with port(s): 8080 (http)
2022-05-06 15:08:11.978  INFO 10600 --- [restartedMain] o.apache.catalina.core.StandardService   : Starting service [Tomcat]
2022-05-06 15:08:11.978  INFO 10600 --- [restartedMain] org.apache.catalina.core.StandardEngine  : Starting Servlet engine: [Apache Tomcat/9.0.62]
2022-05-06 15:08:11.991  INFO 10600 --- [restartedMain] o.a.c.c.C.[Tomcat].[localhost].[/]       : Initializing Spring embedded WebApplicationContext
2022-05-06 15:08:11.991  INFO 10600 --- [restartedMain] w.s.c.ServletWebServerApplicationContext : Root WebApplicationContext: initialization completed in 181 ms
2022-05-06 15:08:12.007  INFO 10600 --- [restartedMain] com.zaxxer.hikari.HikariDataSource       : HikariPool-5 - Starting...
2022-05-06 15:08:12.024  INFO 10600 --- [restartedMain] com.zaxxer.hikari.HikariDataSource       : HikariPool-5 - Start completed.
2022-05-06 15:08:12.031  INFO 10600 --- [restartedMain] o.hibernate.jpa.internal.util.LogHelper  : HHH000204: Processing PersistenceUnitInfo [name: default]
2022-05-06 15:08:12.033  INFO 10600 --- [restartedMain] org.hibernate.dialect.Dialect            : HHH000400: Using dialect: org.hibernate.dialect.MySQL8Dialect
2022-05-06 15:08:12.096  INFO 10600 --- [restartedMain] o.h.e.t.j.p.i.JtaPlatformInitiator       : HHH000490: Using JtaPlatform implementation: [org.hibernate.engine.transaction.jta.platform.internal.NoJtaPlatform]
2022-05-06 15:08:12.096  INFO 10600 --- [restartedMain] j.LocalContainerEntityManagerFactoryBean : Initialized JPA EntityManagerFactory for persistence unit 'default'
2022-05-06 15:08:12.135  WARN 10600 --- [restartedMain] JpaBaseConfiguration$JpaWebConfiguration : spring.jpa.open-in-view is enabled by default. Therefore, database queries may be performed during view rendering. Explicitly configure spring.jpa.open-in-view to disable this warning
2022-05-06 15:08:12.158  INFO 10600 --- [restartedMain] o.s.s.web.DefaultSecurityFilterChain     : Will secure any request with [org.springframework.security.web.context.request.async.WebAsyncManagerIntegrationFilter@116c3586, org.springframework.security.web.context.SecurityContextPersistenceFilter@5eef46d1, org.springframework.security.web.header.HeaderWriterFilter@24257258, org.springframework.security.web.csrf.CsrfFilter@3069d8a, org.springframework.security.web.authentication.logout.LogoutFilter@12482df3, org.springframework.security.web.authentication.UsernamePasswordAuthenticationFilter@4218bf83, org.springframework.security.web.savedrequest.RequestCacheAwareFilter@43a003eb, org.springframework.security.web.servletapi.SecurityContextHolderAwareRequestFilter@4c981e75, org.springframework.security.web.authentication.AnonymousAuthenticationFilter@6677d03a, org.springframework.security.web.session.SessionManagementFilter@69b27ca0, org.springframework.security.web.access.ExceptionTranslationFilter@17f1447b, org.springframework.security.web.access.intercept.AuthorizationFilter@5dd30cef]
2022-05-06 15:08:12.229  INFO 10600 --- [restartedMain] o.s.b.d.a.OptionalLiveReloadServer       : LiveReload server is running on port 35729
2022-05-06 15:08:12.236  INFO 10600 --- [restartedMain] o.s.b.w.embedded.tomcat.TomcatWebServer  : Tomcat started on port(s): 8080 (http) with context path ''
2022-05-06 15:08:12.240  INFO 10600 --- [restartedMain] tacos.TacocloudApplication               : Started TacocloudApplication in 0.449 seconds (JVM running for 138.904)
2022-05-06 15:08:12.241  INFO 10600 --- [restartedMain] .ConditionEvaluationDeltaLoggingListener : Condition evaluation unchanged
2022-05-06 15:08:57.912  INFO 10600 --- [Thread-19] j.LocalContainerEntityManagerFactoryBean : Closing JPA EntityManagerFactory for persistence unit 'default'
2022-05-06 15:08:57.914  INFO 10600 --- [Thread-19] com.zaxxer.hikari.HikariDataSource       : HikariPool-5 - Shutdown initiated...
2022-05-06 15:08:57.922  INFO 10600 --- [Thread-19] com.zaxxer.hikari.HikariDataSource       : HikariPool-5 - Shutdown completed.
2022-05-06 15:08:57.975  INFO 10600 --- [restartedMain] tacos.TacocloudApplication               : Starting TacocloudApplication using Java 15.0.1 on DESKTOP-NNAKQS4 with PID 10600 (F:\TodoList-workspace\tacocloud\target\classes started by vanhu in F:\TodoList-workspace\tacocloud)
2022-05-06 15:08:57.975  INFO 10600 --- [restartedMain] tacos.TacocloudApplication               : No active profile set, falling back to 1 default profile: "default"
2022-05-06 15:08:58.069  INFO 10600 --- [restartedMain] .s.d.r.c.RepositoryConfigurationDelegate : Bootstrapping Spring Data JPA repositories in DEFAULT mode.
2022-05-06 15:08:58.076  INFO 10600 --- [restartedMain] .s.d.r.c.RepositoryConfigurationDelegate : Finished Spring Data repository scanning in 6 ms. Found 4 JPA repository interfaces.
2022-05-06 15:08:58.135  INFO 10600 --- [restartedMain] o.s.b.w.embedded.tomcat.TomcatWebServer  : Tomcat initialized with port(s): 8080 (http)
2022-05-06 15:08:58.136  INFO 10600 --- [restartedMain] o.apache.catalina.core.StandardService   : Starting service [Tomcat]
2022-05-06 15:08:58.136  INFO 10600 --- [restartedMain] org.apache.catalina.core.StandardEngine  : Starting Servlet engine: [Apache Tomcat/9.0.62]
2022-05-06 15:08:58.149  INFO 10600 --- [restartedMain] o.a.c.c.C.[Tomcat].[localhost].[/]       : Initializing Spring embedded WebApplicationContext
2022-05-06 15:08:58.149  INFO 10600 --- [restartedMain] w.s.c.ServletWebServerApplicationContext : Root WebApplicationContext: initialization completed in 173 ms
2022-05-06 15:08:58.164  INFO 10600 --- [restartedMain] com.zaxxer.hikari.HikariDataSource       : HikariPool-6 - Starting...
2022-05-06 15:08:58.184  INFO 10600 --- [restartedMain] com.zaxxer.hikari.HikariDataSource       : HikariPool-6 - Start completed.
2022-05-06 15:08:58.190  INFO 10600 --- [restartedMain] o.hibernate.jpa.internal.util.LogHelper  : HHH000204: Processing PersistenceUnitInfo [name: default]
2022-05-06 15:08:58.192  INFO 10600 --- [restartedMain] org.hibernate.dialect.Dialect            : HHH000400: Using dialect: org.hibernate.dialect.MySQL8Dialect
2022-05-06 15:08:58.249  INFO 10600 --- [restartedMain] o.h.e.t.j.p.i.JtaPlatformInitiator       : HHH000490: Using JtaPlatform implementation: [org.hibernate.engine.transaction.jta.platform.internal.NoJtaPlatform]
2022-05-06 15:08:58.249  INFO 10600 --- [restartedMain] j.LocalContainerEntityManagerFactoryBean : Initialized JPA EntityManagerFactory for persistence unit 'default'
2022-05-06 15:08:58.287  WARN 10600 --- [restartedMain] JpaBaseConfiguration$JpaWebConfiguration : spring.jpa.open-in-view is enabled by default. Therefore, database queries may be performed during view rendering. Explicitly configure spring.jpa.open-in-view to disable this warning
2022-05-06 15:08:58.310  INFO 10600 --- [restartedMain] o.s.s.web.DefaultSecurityFilterChain     : Will secure any request with [org.springframework.security.web.context.request.async.WebAsyncManagerIntegrationFilter@4cfb1478, org.springframework.security.web.context.SecurityContextPersistenceFilter@4be05e4c, org.springframework.security.web.header.HeaderWriterFilter@27a9f49a, org.springframework.security.web.csrf.CsrfFilter@41017c62, org.springframework.security.web.authentication.logout.LogoutFilter@1d15afd7, org.springframework.security.web.authentication.UsernamePasswordAuthenticationFilter@7c20773c, org.springframework.security.web.savedrequest.RequestCacheAwareFilter@7ba7fefd, org.springframework.security.web.servletapi.SecurityContextHolderAwareRequestFilter@13c2c837, org.springframework.security.web.authentication.AnonymousAuthenticationFilter@1af8d263, org.springframework.security.web.session.SessionManagementFilter@1c8d07b, org.springframework.security.web.access.ExceptionTranslationFilter@ec7d603, org.springframework.security.web.access.intercept.AuthorizationFilter@5c8702e9]
2022-05-06 15:08:58.375  INFO 10600 --- [restartedMain] o.s.b.d.a.OptionalLiveReloadServer       : LiveReload server is running on port 35729
2022-05-06 15:08:58.383  INFO 10600 --- [restartedMain] o.s.b.w.embedded.tomcat.TomcatWebServer  : Tomcat started on port(s): 8080 (http) with context path ''
2022-05-06 15:08:58.387  INFO 10600 --- [restartedMain] tacos.TacocloudApplication               : Started TacocloudApplication in 0.428 seconds (JVM running for 185.052)
2022-05-06 15:08:58.390  INFO 10600 --- [restartedMain] .ConditionEvaluationDeltaLoggingListener : Condition evaluation unchanged
2022-05-06 15:09:39.027  INFO 10600 --- [Thread-23] j.LocalContainerEntityManagerFactoryBean : Closing JPA EntityManagerFactory for persistence unit 'default'
2022-05-06 15:09:39.027  INFO 10600 --- [Thread-23] com.zaxxer.hikari.HikariDataSource       : HikariPool-6 - Shutdown initiated...
2022-05-06 15:09:39.030  INFO 10600 --- [Thread-23] com.zaxxer.hikari.HikariDataSource       : HikariPool-6 - Shutdown completed.
2022-05-06 15:09:39.085  INFO 10600 --- [restartedMain] tacos.TacocloudApplication               : Starting TacocloudApplication using Java 15.0.1 on DESKTOP-NNAKQS4 with PID 10600 (F:\TodoList-workspace\tacocloud\target\classes started by vanhu in F:\TodoList-workspace\tacocloud)
2022-05-06 15:09:39.086  INFO 10600 --- [restartedMain] tacos.TacocloudApplication               : No active profile set, falling back to 1 default profile: "default"
2022-05-06 15:09:39.179  INFO 10600 --- [restartedMain] .s.d.r.c.RepositoryConfigurationDelegate : Bootstrapping Spring Data JPA repositories in DEFAULT mode.
2022-05-06 15:09:39.186  INFO 10600 --- [restartedMain] .s.d.r.c.RepositoryConfigurationDelegate : Finished Spring Data repository scanning in 6 ms. Found 4 JPA repository interfaces.
2022-05-06 15:09:39.254  INFO 10600 --- [restartedMain] o.s.b.w.embedded.tomcat.TomcatWebServer  : Tomcat initialized with port(s): 8080 (http)
2022-05-06 15:09:39.254  INFO 10600 --- [restartedMain] o.apache.catalina.core.StandardService   : Starting service [Tomcat]
2022-05-06 15:09:39.254  INFO 10600 --- [restartedMain] org.apache.catalina.core.StandardEngine  : Starting Servlet engine: [Apache Tomcat/9.0.62]
2022-05-06 15:09:39.267  INFO 10600 --- [restartedMain] o.a.c.c.C.[Tomcat].[localhost].[/]       : Initializing Spring embedded WebApplicationContext
2022-05-06 15:09:39.267  INFO 10600 --- [restartedMain] w.s.c.ServletWebServerApplicationContext : Root WebApplicationContext: initialization completed in 180 ms
2022-05-06 15:09:39.283  INFO 10600 --- [restartedMain] com.zaxxer.hikari.HikariDataSource       : HikariPool-7 - Starting...
2022-05-06 15:09:39.301  INFO 10600 --- [restartedMain] com.zaxxer.hikari.HikariDataSource       : HikariPool-7 - Start completed.
2022-05-06 15:09:39.307  INFO 10600 --- [restartedMain] o.hibernate.jpa.internal.util.LogHelper  : HHH000204: Processing PersistenceUnitInfo [name: default]
2022-05-06 15:09:39.310  INFO 10600 --- [restartedMain] org.hibernate.dialect.Dialect            : HHH000400: Using dialect: org.hibernate.dialect.MySQL8Dialect
2022-05-06 15:09:39.363  INFO 10600 --- [restartedMain] o.h.e.t.j.p.i.JtaPlatformInitiator       : HHH000490: Using JtaPlatform implementation: [org.hibernate.engine.transaction.jta.platform.internal.NoJtaPlatform]
2022-05-06 15:09:39.363  INFO 10600 --- [restartedMain] j.LocalContainerEntityManagerFactoryBean : Initialized JPA EntityManagerFactory for persistence unit 'default'
2022-05-06 15:09:39.399  WARN 10600 --- [restartedMain] JpaBaseConfiguration$JpaWebConfiguration : spring.jpa.open-in-view is enabled by default. Therefore, database queries may be performed during view rendering. Explicitly configure spring.jpa.open-in-view to disable this warning
2022-05-06 15:09:39.421  INFO 10600 --- [restartedMain] o.s.s.web.DefaultSecurityFilterChain     : Will secure any request with [org.springframework.security.web.context.request.async.WebAsyncManagerIntegrationFilter@5094fed1, org.springframework.security.web.context.SecurityContextPersistenceFilter@2a41bff0, org.springframework.security.web.header.HeaderWriterFilter@341ee51a, org.springframework.security.web.csrf.CsrfFilter@f053104, org.springframework.security.web.authentication.logout.LogoutFilter@5071d8e2, org.springframework.security.web.authentication.UsernamePasswordAuthenticationFilter@efc8124, org.springframework.security.web.savedrequest.RequestCacheAwareFilter@6939c79b, org.springframework.security.web.servletapi.SecurityContextHolderAwareRequestFilter@2accc993, org.springframework.security.web.authentication.AnonymousAuthenticationFilter@396dfc23, org.springframework.security.web.session.SessionManagementFilter@c6a3268, org.springframework.security.web.access.ExceptionTranslationFilter@486e65, org.springframework.security.web.access.intercept.AuthorizationFilter@3b9f0750]
2022-05-06 15:09:39.485  INFO 10600 --- [restartedMain] o.s.b.d.a.OptionalLiveReloadServer       : LiveReload server is running on port 35729
2022-05-06 15:09:39.492  INFO 10600 --- [restartedMain] o.s.b.w.embedded.tomcat.TomcatWebServer  : Tomcat started on port(s): 8080 (http) with context path ''
2022-05-06 15:09:39.495  INFO 10600 --- [restartedMain] tacos.TacocloudApplication               : Started TacocloudApplication in 0.427 seconds (JVM running for 226.16)
2022-05-06 15:09:39.497  INFO 10600 --- [restartedMain] .ConditionEvaluationDeltaLoggingListener : Condition evaluation unchanged
2022-05-06 15:10:01.037  INFO 10600 --- [Thread-27] j.LocalContainerEntityManagerFactoryBean : Closing JPA EntityManagerFactory for persistence unit 'default'
2022-05-06 15:10:01.037  INFO 10600 --- [Thread-27] com.zaxxer.hikari.HikariDataSource       : HikariPool-7 - Shutdown initiated...
2022-05-06 15:10:01.039  INFO 10600 --- [Thread-27] com.zaxxer.hikari.HikariDataSource       : HikariPool-7 - Shutdown completed.
2022-05-06 15:10:01.097  INFO 10600 --- [restartedMain] tacos.TacocloudApplication               : Starting TacocloudApplication using Java 15.0.1 on DESKTOP-NNAKQS4 with PID 10600 (F:\TodoList-workspace\tacocloud\target\classes started by vanhu in F:\TodoList-workspace\tacocloud)
2022-05-06 15:10:01.098  INFO 10600 --- [restartedMain] tacos.TacocloudApplication               : No active profile set, falling back to 1 default profile: "default"
2022-05-06 15:10:01.198  INFO 10600 --- [restartedMain] .s.d.r.c.RepositoryConfigurationDelegate : Bootstrapping Spring Data JPA repositories in DEFAULT mode.
2022-05-06 15:10:01.205  INFO 10600 --- [restartedMain] .s.d.r.c.RepositoryConfigurationDelegate : Finished Spring Data repository scanning in 6 ms. Found 4 JPA repository interfaces.
2022-05-06 15:10:01.267  INFO 10600 --- [restartedMain] o.s.b.w.embedded.tomcat.TomcatWebServer  : Tomcat initialized with port(s): 8080 (http)
2022-05-06 15:10:01.268  INFO 10600 --- [restartedMain] o.apache.catalina.core.StandardService   : Starting service [Tomcat]
2022-05-06 15:10:01.268  INFO 10600 --- [restartedMain] org.apache.catalina.core.StandardEngine  : Starting Servlet engine: [Apache Tomcat/9.0.62]
2022-05-06 15:10:01.332  INFO 10600 --- [restartedMain] o.a.c.c.C.[Tomcat].[localhost].[/]       : Initializing Spring embedded WebApplicationContext
2022-05-06 15:10:01.332  INFO 10600 --- [restartedMain] w.s.c.ServletWebServerApplicationContext : Root WebApplicationContext: initialization completed in 233 ms
2022-05-06 15:10:01.351  INFO 10600 --- [restartedMain] com.zaxxer.hikari.HikariDataSource       : HikariPool-8 - Starting...
2022-05-06 15:10:01.369  INFO 10600 --- [restartedMain] com.zaxxer.hikari.HikariDataSource       : HikariPool-8 - Start completed.
2022-05-06 15:10:01.375  INFO 10600 --- [restartedMain] o.hibernate.jpa.internal.util.LogHelper  : HHH000204: Processing PersistenceUnitInfo [name: default]
2022-05-06 15:10:01.377  INFO 10600 --- [restartedMain] org.hibernate.dialect.Dialect            : HHH000400: Using dialect: org.hibernate.dialect.MySQL8Dialect
2022-05-06 15:10:01.430  INFO 10600 --- [restartedMain] o.h.e.t.j.p.i.JtaPlatformInitiator       : HHH000490: Using JtaPlatform implementation: [org.hibernate.engine.transaction.jta.platform.internal.NoJtaPlatform]
2022-05-06 15:10:01.430  INFO 10600 --- [restartedMain] j.LocalContainerEntityManagerFactoryBean : Initialized JPA EntityManagerFactory for persistence unit 'default'
2022-05-06 15:10:01.468  WARN 10600 --- [restartedMain] JpaBaseConfiguration$JpaWebConfiguration : spring.jpa.open-in-view is enabled by default. Therefore, database queries may be performed during view rendering. Explicitly configure spring.jpa.open-in-view to disable this warning
2022-05-06 15:10:01.490  INFO 10600 --- [restartedMain] o.s.s.web.DefaultSecurityFilterChain     : Will secure any request with [org.springframework.security.web.context.request.async.WebAsyncManagerIntegrationFilter@14b85b5b, org.springframework.security.web.context.SecurityContextPersistenceFilter@5409529f, org.springframework.security.web.header.HeaderWriterFilter@7d691c25, org.springframework.security.web.csrf.CsrfFilter@3edbf6bd, org.springframework.security.web.authentication.logout.LogoutFilter@4bb1a59b, org.springframework.security.web.authentication.UsernamePasswordAuthenticationFilter@5263a1f1, org.springframework.security.web.savedrequest.RequestCacheAwareFilter@6429c4e6, org.springframework.security.web.servletapi.SecurityContextHolderAwareRequestFilter@51147472, org.springframework.security.web.authentication.AnonymousAuthenticationFilter@5f51558d, org.springframework.security.web.session.SessionManagementFilter@3506249c, org.springframework.security.web.access.ExceptionTranslationFilter@29732c74, org.springframework.security.web.access.intercept.AuthorizationFilter@1350095b]
2022-05-06 15:10:01.553  INFO 10600 --- [restartedMain] o.s.b.d.a.OptionalLiveReloadServer       : LiveReload server is running on port 35729
2022-05-06 15:10:01.560  INFO 10600 --- [restartedMain] o.s.b.w.embedded.tomcat.TomcatWebServer  : Tomcat started on port(s): 8080 (http) with context path ''
2022-05-06 15:10:01.564  INFO 10600 --- [restartedMain] tacos.TacocloudApplication               : Started TacocloudApplication in 0.484 seconds (JVM running for 248.229)
2022-05-06 15:10:01.565  INFO 10600 --- [restartedMain] .ConditionEvaluationDeltaLoggingListener : Condition evaluation unchanged
2022-05-06 15:10:10.025  INFO 10600 --- [Thread-31] j.LocalContainerEntityManagerFactoryBean : Closing JPA EntityManagerFactory for persistence unit 'default'
2022-05-06 15:10:10.026  INFO 10600 --- [Thread-31] com.zaxxer.hikari.HikariDataSource       : HikariPool-8 - Shutdown initiated...
2022-05-06 15:10:10.028  INFO 10600 --- [Thread-31] com.zaxxer.hikari.HikariDataSource       : HikariPool-8 - Shutdown completed.
